============================================================
  Generated by:           Genus(TM) Synthesis Solution GENUS15.20 - 15.20-p004_1
  Generated on:           May 26 2025  12:05:30 am
  Module:                 synth_wrapper
  Interconnect mode:      global
  Area mode:              timing library
============================================================

Timing
--------

Clock Period 
-------------
clk   1429.0 


  Cost    Critical       Violating 
 Group   Path Slack TNS    Paths   
-----------------------------------
default         1.1   0          0 
-----------------------------------
Total                 0          0 

Instance Count
--------------
Leaf Instance Count             164 
Sequential Instance Count        16 
Combinational Instance Count    148 
Hierarchical Instance Count       1 

Area
----
Cell Area                          1322.518
Physical Cell Area                 0.000
Total Cell Area (Cell+Physical)    1322.518
Net Area                           846.783
Total Area (Cell+Physical+Net)     2169.301

Max Fanout                         17 (rst_n)
Min Fanout                         0 (n_24)
Average Fanout                     2.1
Terms to net ratio                 3.0
Terms to instance ratio            3.4
Runtime                            19.550 seconds
Elapsed Runtime                    22 seconds
RC peak memory usage:              443.69 
EDI peak memory usage:             no_value 
Hostname                           centos7
