============================================================
  Generated by:           Genus(TM) Synthesis Solution GENUS15.20 - 15.20-p004_1
  Generated on:           May 26 2025  12:05:29 am
  Module:                 synth_wrapper
  Interconnect mode:      global
  Area mode:              timing library
============================================================

                                                
           Gate             Instances    Area                Library             
---------------------------------------------------------------------------------
sky130_fd_sc_hd__a21boi_1           1     7.507    sky130_fd_sc_hd__tt_025C_1v80 
sky130_fd_sc_hd__a21o_1             1     7.507    sky130_fd_sc_hd__tt_025C_1v80 
sky130_fd_sc_hd__a21oi_1            5    25.024    sky130_fd_sc_hd__tt_025C_1v80 
sky130_fd_sc_hd__a21oi_2            2    17.517    sky130_fd_sc_hd__tt_025C_1v80 
sky130_fd_sc_hd__and2_0             1     6.256    sky130_fd_sc_hd__tt_025C_1v80 
sky130_fd_sc_hd__and2_1             1     6.256    sky130_fd_sc_hd__tt_025C_1v80 
sky130_fd_sc_hd__buf_1              2     7.507    sky130_fd_sc_hd__tt_025C_1v80 
sky130_fd_sc_hd__clkbuf_1           3    11.261    sky130_fd_sc_hd__tt_025C_1v80 
sky130_fd_sc_hd__clkbuf_2           1     5.005    sky130_fd_sc_hd__tt_025C_1v80 
sky130_fd_sc_hd__clkinv_1           1     3.754    sky130_fd_sc_hd__tt_025C_1v80 
sky130_fd_sc_hd__clkinv_2           3    15.014    sky130_fd_sc_hd__tt_025C_1v80 
sky130_fd_sc_hd__dfbbp_1           11   357.843    sky130_fd_sc_hd__tt_025C_1v80 
sky130_fd_sc_hd__dfrtp_1            5   125.120    sky130_fd_sc_hd__tt_025C_1v80 
sky130_fd_sc_hd__ha_1               1    12.512    sky130_fd_sc_hd__tt_025C_1v80 
sky130_fd_sc_hd__inv_1              6    22.522    sky130_fd_sc_hd__tt_025C_1v80 
sky130_fd_sc_hd__inv_2             14    52.550    sky130_fd_sc_hd__tt_025C_1v80 
sky130_fd_sc_hd__inv_4              2    12.512    sky130_fd_sc_hd__tt_025C_1v80 
sky130_fd_sc_hd__nand2_1           27   101.347    sky130_fd_sc_hd__tt_025C_1v80 
sky130_fd_sc_hd__nand2_2           10    62.560    sky130_fd_sc_hd__tt_025C_1v80 
sky130_fd_sc_hd__nand2b_1           6    37.536    sky130_fd_sc_hd__tt_025C_1v80 
sky130_fd_sc_hd__nand3_1            2    10.010    sky130_fd_sc_hd__tt_025C_1v80 
sky130_fd_sc_hd__nand3b_1           6    45.043    sky130_fd_sc_hd__tt_025C_1v80 
sky130_fd_sc_hd__nand4_1            2    12.512    sky130_fd_sc_hd__tt_025C_1v80 
sky130_fd_sc_hd__nor2_1             8    30.029    sky130_fd_sc_hd__tt_025C_1v80 
sky130_fd_sc_hd__nor2_2             4    25.024    sky130_fd_sc_hd__tt_025C_1v80 
sky130_fd_sc_hd__nor2b_1            2    12.512    sky130_fd_sc_hd__tt_025C_1v80 
sky130_fd_sc_hd__o2111ai_1          2    17.517    sky130_fd_sc_hd__tt_025C_1v80 
sky130_fd_sc_hd__o211ai_2           2    25.024    sky130_fd_sc_hd__tt_025C_1v80 
sky130_fd_sc_hd__o21a_1             1     7.507    sky130_fd_sc_hd__tt_025C_1v80 
sky130_fd_sc_hd__o21ai_0            1     5.005    sky130_fd_sc_hd__tt_025C_1v80 
sky130_fd_sc_hd__o21ai_1            3    15.014    sky130_fd_sc_hd__tt_025C_1v80 
sky130_fd_sc_hd__o21ai_2            1     8.758    sky130_fd_sc_hd__tt_025C_1v80 
sky130_fd_sc_hd__o21bai_1           1     7.507    sky130_fd_sc_hd__tt_025C_1v80 
sky130_fd_sc_hd__o221ai_1           4    35.034    sky130_fd_sc_hd__tt_025C_1v80 
sky130_fd_sc_hd__o22a_1             3    26.275    sky130_fd_sc_hd__tt_025C_1v80 
sky130_fd_sc_hd__o22ai_1            2    12.512    sky130_fd_sc_hd__tt_025C_1v80 
sky130_fd_sc_hd__o2bb2ai_1          1     8.758    sky130_fd_sc_hd__tt_025C_1v80 
sky130_fd_sc_hd__o2bb2ai_2          1    15.014    sky130_fd_sc_hd__tt_025C_1v80 
sky130_fd_sc_hd__or2_1             13    81.328    sky130_fd_sc_hd__tt_025C_1v80 
sky130_fd_sc_hd__xnor2_2            1    16.266    sky130_fd_sc_hd__tt_025C_1v80 
sky130_fd_sc_hd__xor2_1             1     8.758    sky130_fd_sc_hd__tt_025C_1v80 
---------------------------------------------------------------------------------
total                             164  1322.518                                  


                                     
   Type    Instances   Area   Area % 
-------------------------------------
sequential        16  482.963   36.5 
inverter          26  106.352    8.0 
buffer             6   23.773    1.8 
logic            116  709.430   53.6 
-------------------------------------
total            164 1322.518  100.0 

